[17/Jul/2020:21:34:57] (I): WordPress Instance Info:
[17/Jul/2020:21:34:57] (I): Home URL : http://localhost/wordpress
[17/Jul/2020:21:34:57] (I): Site URL : http://localhost/wordpress
[17/Jul/2020:21:34:57] (I): WordPress Version : 5.4.2
[17/Jul/2020:21:34:57] (I): Onboarding Version : 1.0.1
[17/Jul/2020:21:34:57] (I): Multisite : No
[17/Jul/2020:21:34:57] (I): Server Info : Apache/2.4.43 (Unix) OpenSSL/1.1.1g PHP/7.4.8 mod_perl/2.0.11 Perl/v5.32.0
[17/Jul/2020:21:34:57] (I): PHP Version : 7.4.8
[17/Jul/2020:21:34:57] (I): HTTPS : No
[17/Jul/2020:21:34:57] (I): PHP Max Execution Time : 120
[17/Jul/2020:21:34:57] (I): PHP Max Input Vars : 1000
[17/Jul/2020:21:34:57] (I): Max Upload Size : 41943040
[17/Jul/2020:21:34:57] (I): Plugins:
[17/Jul/2020:21:34:57] (I): [PLUGIN] Elementor : v2.9.13 (Elementor.com)
[17/Jul/2020:21:34:57] (I): [PLUGIN] Gutenberg Blocks and Template Library by Otter : v1.5.5 (ThemeIsle)
[17/Jul/2020:21:34:57] (I): [PLUGIN] Simply Static : v2.1.0 (Code of Conduct LLC)
[17/Jul/2020:21:34:57] (I): [PLUGIN] Orbit Fox Companion : v2.9.11 (Themeisle)
[17/Jul/2020:21:34:57] (P): Saving remote XML
[17/Jul/2020:21:34:57] (S): Saved remote XML at path /opt/lampp/apps/wordpress/htdocs/wp-content/uploads/themeisle-demo-import.xml.
[17/Jul/2020:21:34:57] (P): Starting content import...
[17/Jul/2020:21:34:57] (S): Import started.
[17/Jul/2020:21:34:57] (S): Parsing XML file.
[17/Jul/2020:21:34:57] (P): Starting parsing file:/opt/lampp/apps/wordpress/htdocs/wp-content/uploads/themeisle-demo-import.xml
[17/Jul/2020:21:34:57] (P): Using WXR_Parser_SimpleXML...
[17/Jul/2020:21:34:57] (S): Parsed XML
[17/Jul/2020:21:34:57] (P): Processing categories...
[17/Jul/2020:21:34:57] (S): Processed categories.
[17/Jul/2020:21:34:57] (P): Processing tags...
[17/Jul/2020:21:34:57] (S): No tags to process.
[17/Jul/2020:21:34:57] (P): Processing terms...
[17/Jul/2020:21:34:57] (S): Processed terms.
[17/Jul/2020:21:34:57] (P): Processing posts...
[17/Jul/2020:21:34:57] (P): Processing single menu item ' '...
[17/Jul/2020:21:34:57] (P): Processing attachment: https://s33834.pcdn.co/web-agency-gb/wp-content/uploads/sites/422/2020/01/neve-webdesign-GB-01.png...
[17/Jul/2020:21:34:57] (P): Fetching attachment from url: https://s33834.pcdn.co/web-agency-gb/wp-content/uploads/sites/422/2020/01/neve-webdesign-GB-01.png...
[17/Jul/2020:21:34:57] (S): Fetched remote attachment.
[17/Jul/2020:21:34:57] (P): Inserting attachment...
[17/Jul/2020:21:34:57] (S): Attachment inserted
[17/Jul/2020:21:34:57] (S): Processed attachment.
[17/Jul/2020:21:34:57] (P): Processing attachment: https://s33834.pcdn.co/web-agency-gb/wp-content/uploads/sites/422/2020/01/neve-webdesign-GB-03.png...
[17/Jul/2020:21:34:57] (P): Fetching attachment from url: https://s33834.pcdn.co/web-agency-gb/wp-content/uploads/sites/422/2020/01/neve-webdesign-GB-03.png...
[17/Jul/2020:21:34:57] (S): Fetched remote attachment.
[17/Jul/2020:21:34:57] (P): Inserting attachment...
[17/Jul/2020:21:34:57] (S): Attachment inserted
[17/Jul/2020:21:34:57] (S): Processed attachment.
[17/Jul/2020:21:34:57] (P): Processing attachment: https://s33834.pcdn.co/web-agency-gb/wp-content/uploads/sites/422/2020/01/neve-webdesign-GB-04.png...
[17/Jul/2020:21:34:57] (P): Fetching attachment from url: https://s33834.pcdn.co/web-agency-gb/wp-content/uploads/sites/422/2020/01/neve-webdesign-GB-04.png...
[17/Jul/2020:21:34:57] (S): Fetched remote attachment.
[17/Jul/2020:21:34:57] (P): Inserting attachment...
[17/Jul/2020:21:34:57] (S): Attachment inserted
[17/Jul/2020:21:34:57] (S): Processed attachment.
[17/Jul/2020:21:34:57] (P): Processing attachment: https://s33834.pcdn.co/web-agency-gb/wp-content/uploads/sites/422/2020/01/neve-web-design-bg-05.jpg...
[17/Jul/2020:21:34:57] (P): Fetching attachment from url: https://s33834.pcdn.co/web-agency-gb/wp-content/uploads/sites/422/2020/01/neve-web-design-bg-05.jpg...
[17/Jul/2020:21:34:57] (S): Fetched remote attachment.
[17/Jul/2020:21:34:57] (P): Inserting attachment...
[17/Jul/2020:21:34:57] (S): Attachment inserted
[17/Jul/2020:21:34:57] (S): Processed attachment.
[17/Jul/2020:21:34:57] (P): Processing attachment: https://s33834.pcdn.co/web-agency-gb/wp-content/uploads/sites/422/2020/01/neve-web-design-bg-06.jpg...
[17/Jul/2020:21:34:57] (P): Fetching attachment from url: https://s33834.pcdn.co/web-agency-gb/wp-content/uploads/sites/422/2020/01/neve-web-design-bg-06.jpg...
[17/Jul/2020:21:34:58] (S): Fetched remote attachment.
[17/Jul/2020:21:34:58] (P): Inserting attachment...
[17/Jul/2020:21:34:58] (S): Attachment inserted
[17/Jul/2020:21:34:58] (S): Processed attachment.
[17/Jul/2020:21:34:58] (P): Processing attachment: https://s33834.pcdn.co/web-agency-gb/wp-content/uploads/sites/422/2020/01/neve-web-design-bg-07.jpg...
[17/Jul/2020:21:34:58] (P): Fetching attachment from url: https://s33834.pcdn.co/web-agency-gb/wp-content/uploads/sites/422/2020/01/neve-web-design-bg-07.jpg...
[17/Jul/2020:21:34:58] (S): Fetched remote attachment.
[17/Jul/2020:21:34:58] (P): Inserting attachment...
[17/Jul/2020:21:34:58] (S): Attachment inserted
[17/Jul/2020:21:34:58] (S): Processed attachment.
[17/Jul/2020:21:34:58] (P): Processing attachment: https://s33834.pcdn.co/web-agency-gb/wp-content/uploads/sites/422/2020/01/neve-web-design-bg-08.jpg...
[17/Jul/2020:21:34:58] (P): Fetching attachment from url: https://s33834.pcdn.co/web-agency-gb/wp-content/uploads/sites/422/2020/01/neve-web-design-bg-08.jpg...
[17/Jul/2020:21:34:58] (S): Fetched remote attachment.
[17/Jul/2020:21:34:58] (P): Inserting attachment...
[17/Jul/2020:21:34:58] (S): Attachment inserted
[17/Jul/2020:21:34:58] (S): Processed attachment.
[17/Jul/2020:21:34:58] (P): Processing attachment: https://s33834.pcdn.co/web-agency-gb/wp-content/uploads/sites/422/2020/01/neve-web-design-bg-09.jpg...
[17/Jul/2020:21:34:58] (P): Fetching attachment from url: https://s33834.pcdn.co/web-agency-gb/wp-content/uploads/sites/422/2020/01/neve-web-design-bg-09.jpg...
[17/Jul/2020:21:34:58] (S): Fetched remote attachment.
[17/Jul/2020:21:34:58] (P): Inserting attachment...
[17/Jul/2020:21:34:58] (S): Attachment inserted
[17/Jul/2020:21:34:58] (S): Processed attachment.
[17/Jul/2020:21:34:58] (P): Processing attachment: https://s33834.pcdn.co/web-agency-gb/wp-content/uploads/sites/422/2020/01/neve-web-design-bg-10.jpg...
[17/Jul/2020:21:34:58] (P): Fetching attachment from url: https://s33834.pcdn.co/web-agency-gb/wp-content/uploads/sites/422/2020/01/neve-web-design-bg-10.jpg...
[17/Jul/2020:21:34:58] (S): Fetched remote attachment.
[17/Jul/2020:21:34:58] (P): Inserting attachment...
[17/Jul/2020:21:34:58] (S): Attachment inserted
[17/Jul/2020:21:34:59] (S): Processed attachment.
[17/Jul/2020:21:34:59] (P): Processing attachment: https://s33834.pcdn.co/web-agency-gb/wp-content/uploads/sites/422/2020/01/neve-web-design-bg-11.jpg...
[17/Jul/2020:21:34:59] (P): Fetching attachment from url: https://s33834.pcdn.co/web-agency-gb/wp-content/uploads/sites/422/2020/01/neve-web-design-bg-11.jpg...
[17/Jul/2020:21:34:59] (S): Fetched remote attachment.
[17/Jul/2020:21:34:59] (P): Inserting attachment...
[17/Jul/2020:21:34:59] (S): Attachment inserted
[17/Jul/2020:21:34:59] (S): Processed attachment.
[17/Jul/2020:21:34:59] (P): Processing attachment: https://s33834.pcdn.co/web-agency-gb/wp-content/uploads/sites/422/2020/01/neve-web-design-bg-12.jpg...
[17/Jul/2020:21:34:59] (P): Fetching attachment from url: https://s33834.pcdn.co/web-agency-gb/wp-content/uploads/sites/422/2020/01/neve-web-design-bg-12.jpg...
[17/Jul/2020:21:34:59] (S): Fetched remote attachment.
[17/Jul/2020:21:34:59] (P): Inserting attachment...
[17/Jul/2020:21:34:59] (S): Attachment inserted
[17/Jul/2020:21:34:59] (S): Processed attachment.
[17/Jul/2020:21:34:59] (P): Processing attachment: https://s33834.pcdn.co/web-agency-gb/wp-content/uploads/sites/422/2020/01/neve-web-design-bg-13.jpg...
[17/Jul/2020:21:34:59] (P): Fetching attachment from url: https://s33834.pcdn.co/web-agency-gb/wp-content/uploads/sites/422/2020/01/neve-web-design-bg-13.jpg...
[17/Jul/2020:21:34:59] (S): Fetched remote attachment.
[17/Jul/2020:21:34:59] (P): Inserting attachment...
[17/Jul/2020:21:34:59] (S): Attachment inserted
[17/Jul/2020:21:34:59] (S): Processed attachment.
[17/Jul/2020:21:34:59] (P): Processing attachment: https://s33834.pcdn.co/web-agency-gb/wp-content/uploads/sites/422/2020/01/neve-web-design-bg-14.jpg...
[17/Jul/2020:21:34:59] (P): Fetching attachment from url: https://s33834.pcdn.co/web-agency-gb/wp-content/uploads/sites/422/2020/01/neve-web-design-bg-14.jpg...
[17/Jul/2020:21:34:59] (S): Fetched remote attachment.
[17/Jul/2020:21:34:59] (P): Inserting attachment...
[17/Jul/2020:21:34:59] (S): Attachment inserted
[17/Jul/2020:21:34:59] (S): Processed attachment.
[17/Jul/2020:21:34:59] (P): Processing attachment: https://s33834.pcdn.co/web-agency-gb/wp-content/uploads/sites/422/2020/01/neve-web-design-bg-15.jpg...
[17/Jul/2020:21:34:59] (P): Fetching attachment from url: https://s33834.pcdn.co/web-agency-gb/wp-content/uploads/sites/422/2020/01/neve-web-design-bg-15.jpg...
[17/Jul/2020:21:35:00] (S): Fetched remote attachment.
[17/Jul/2020:21:35:00] (P): Inserting attachment...
[17/Jul/2020:21:35:00] (S): Attachment inserted
[17/Jul/2020:21:35:00] (S): Processed attachment.
[17/Jul/2020:21:35:00] (P): Processing attachment: https://s33834.pcdn.co/web-agency-gb/wp-content/uploads/sites/422/2020/06/web-agency-logo-2.png...
[17/Jul/2020:21:35:00] (P): Fetching attachment from url: https://s33834.pcdn.co/web-agency-gb/wp-content/uploads/sites/422/2020/06/web-agency-logo-2.png...
[17/Jul/2020:21:35:00] (S): Fetched remote attachment.
[17/Jul/2020:21:35:00] (P): Inserting attachment...
[17/Jul/2020:21:35:00] (S): Attachment inserted
[17/Jul/2020:21:35:00] (S): Processed attachment.
[17/Jul/2020:21:35:00] (P): Processing attachment: https://s33834.pcdn.co/web-agency-gb/wp-content/uploads/sites/422/2020/06/web-agency-icon.png...
[17/Jul/2020:21:35:00] (P): Fetching attachment from url: https://s33834.pcdn.co/web-agency-gb/wp-content/uploads/sites/422/2020/06/web-agency-icon.png...
[17/Jul/2020:21:35:00] (S): Fetched remote attachment.
[17/Jul/2020:21:35:00] (P): Inserting attachment...
[17/Jul/2020:21:35:00] (S): Attachment inserted
[17/Jul/2020:21:35:00] (S): Processed attachment.
[17/Jul/2020:21:35:00] (P): Processing attachment: https://s33834.pcdn.co/web-agency-gb/wp-content/uploads/sites/422/2020/06/cropped-web-agency-logo-2.png...
[17/Jul/2020:21:35:00] (P): Fetching attachment from url: https://s33834.pcdn.co/web-agency-gb/wp-content/uploads/sites/422/2020/06/cropped-web-agency-logo-2.png...
[17/Jul/2020:21:35:00] (S): Fetched remote attachment.
[17/Jul/2020:21:35:00] (P): Inserting attachment...
[17/Jul/2020:21:35:00] (S): Attachment inserted
[17/Jul/2020:21:35:00] (S): Processed attachment.
[17/Jul/2020:21:35:00] (P): Processing attachment: https://s33834.pcdn.co/web-agency-gb/wp-content/uploads/sites/422/2020/06/cropped-web-agency-icon.png...
[17/Jul/2020:21:35:00] (P): Fetching attachment from url: https://s33834.pcdn.co/web-agency-gb/wp-content/uploads/sites/422/2020/06/cropped-web-agency-icon.png...
[17/Jul/2020:21:35:00] (S): Fetched remote attachment.
[17/Jul/2020:21:35:00] (P): Inserting attachment...
[17/Jul/2020:21:35:00] (S): Attachment inserted
[17/Jul/2020:21:35:00] (S): Processed attachment.
[17/Jul/2020:21:35:00] (P): Processing attachment: https://s33834.pcdn.co/web-agency-gb/wp-content/uploads/sites/422/2020/07/web-design-studio-01.jpg.jpg...
[17/Jul/2020:21:35:00] (P): Fetching attachment from url: https://s33834.pcdn.co/web-agency-gb/wp-content/uploads/sites/422/2020/07/web-design-studio-01.jpg.jpg...
[17/Jul/2020:21:35:00] (S): Fetched remote attachment.
[17/Jul/2020:21:35:00] (P): Inserting attachment...
[17/Jul/2020:21:35:00] (S): Attachment inserted
[17/Jul/2020:21:35:00] (S): Processed attachment.
[17/Jul/2020:21:35:00] (P): Inserting post: 5 UX Principles for Creating a Great Website .
[17/Jul/2020:21:35:00] (S): Done inserting post: 5 UX Principles for Creating a Great Website .
[17/Jul/2020:21:35:00] (P): Inserting page: News .
[17/Jul/2020:21:35:00] (S): Done inserting page: News .
[17/Jul/2020:21:35:00] (P): Inserting page: Home .
[17/Jul/2020:21:35:00] (S): Done inserting page: Home .
[17/Jul/2020:21:35:00] (P): Processing single menu item ' '...
[17/Jul/2020:21:35:00] (S): Processed single menu item.
[17/Jul/2020:21:35:00] (P): Inserting post: Web Design Trends for 2020 .
[17/Jul/2020:21:35:00] (S): Done inserting post: Web Design Trends for 2020 .
[17/Jul/2020:21:35:00] (P): Inserting post: A Simple Guide to Design Thinking .
[17/Jul/2020:21:35:00] (S): Done inserting post: A Simple Guide to Design Thinking .
[17/Jul/2020:21:35:00] (P): Inserting wp_block: 3 column section .
[17/Jul/2020:21:35:00] (S): Done inserting wp_block: 3 column section .
[17/Jul/2020:21:35:01] (P): Inserting page: About Us .
[17/Jul/2020:21:35:01] (S): Done inserting page: About Us .
[17/Jul/2020:21:35:01] (P): Processing single menu item ' '...
[17/Jul/2020:21:35:01] (S): Processed single menu item.
[17/Jul/2020:21:35:01] (P): Inserting page: Portfolio .
[17/Jul/2020:21:35:01] (S): Done inserting page: Portfolio .
[17/Jul/2020:21:35:01] (P): Inserting page: Portfolio Single .
[17/Jul/2020:21:35:01] (S): Done inserting page: Portfolio Single .
[17/Jul/2020:21:35:01] (P): Processing single menu item ' '...
[17/Jul/2020:21:35:01] (S): Processed single menu item.
[17/Jul/2020:21:35:01] (P): Processing single menu item ' '...
[17/Jul/2020:21:35:01] (S): Processed single menu item.
[17/Jul/2020:21:35:01] (P): Inserting page: Contact Us .
[17/Jul/2020:21:35:01] (S): Done inserting page: Contact Us .
[17/Jul/2020:21:35:01] (P): Processing single menu item ' '...
[17/Jul/2020:21:35:01] (S): Processed single menu item.
[17/Jul/2020:21:35:01] (S): Processed posts.
[17/Jul/2020:21:35:01] (P): Processing single menu item ' '...
[17/Jul/2020:21:35:01] (S): Processed single menu item.
[17/Jul/2020:21:35:01] (P): Cleaning up import with id ...
[17/Jul/2020:21:35:01] (P): Done cleanup. Flushing cache...
[17/Jul/2020:21:35:01] (P): Flushed cache. Removing temporary data..
[17/Jul/2020:21:35:01] (S): Done importing
[17/Jul/2020:21:35:01] (P): Busting elementor cache
[17/Jul/2020:21:35:01] (S): Front page set up with id: 1305.
